{"message":"Home page request","level":"info","timestamp":"2021-05-13T15:45:28.389Z"}
{"message":"Donation page request","level":"info","timestamp":"2021-05-13T15:50:28.378Z"}
{"message":"Child labour page request","level":"info","timestamp":"2021-05-13T15:50:42.152Z"}
{"message":"Adoption page request","level":"info","timestamp":"2021-05-13T15:50:57.942Z"}
{"message":"Donation page request","level":"info","timestamp":"2021-05-13T15:56:34.137Z"}
{"message":"Child labour page request","level":"info","timestamp":"2021-05-13T16:05:19.512Z"}
{"message":"Adoption page request","level":"info","timestamp":"2021-05-13T16:11:41.289Z"}
{"message":"Home page request","level":"info","timestamp":"2021-05-14T13:26:44.873Z"}
{"message":"Entry saved for contact-us","level":"info","timestamp":"2021-05-14T13:27:31.917Z"}
{"message":"Home page request","level":"info","timestamp":"2021-05-14T13:28:41.158Z"}
{"message":"Adoption page request","level":"info","timestamp":"2021-05-14T13:28:43.670Z"}
{"message":"Meeting form entry saved","level":"info","timestamp":"2021-05-14T13:29:29.246Z"}
{"message":"Home page request","level":"info","timestamp":"2021-05-14T13:29:37.166Z"}
{"message":"Child labour page request","level":"info","timestamp":"2021-05-14T13:30:24.454Z"}
{"message":"Home page request","level":"info","timestamp":"2021-05-14T13:41:24.980Z"}
{"message":"Home page request","level":"info","timestamp":"2021-05-14T13:41:27.877Z"}
{"message":"Adoption page request","level":"info","timestamp":"2021-05-14T13:41:32.172Z"}
{"message":"Donation page request","level":"info","timestamp":"2021-05-14T13:41:37.411Z"}
{"message":"Home page request","level":"info","timestamp":"2021-05-14T13:45:40.019Z"}
{"message":"Donation page request","level":"info","timestamp":"2021-05-14T13:45:42.800Z"}
{"message":"Donate money page request","level":"info","timestamp":"2021-05-14T13:45:47.298Z"}
{"message":"Adoption page request","level":"info","timestamp":"2021-05-14T13:46:02.503Z"}
{"message":"Child labour page request","level":"info","timestamp":"2021-05-14T13:46:21.307Z"}
{"message":"child-labour entry saved","level":"info","timestamp":"2021-05-14T13:46:59.874Z"}
